[14:57:20] [ServerMain/INFO]: [bootstrap] Running Java 21 (OpenJDK 64-Bit Server VM 21.0.6+7-LTS; Microsoft Microsoft-10800198) on Linux 6.8.0-1027-azure (amd64)
[14:57:20] [ServerMain/INFO]: [bootstrap] Loading Paper 1.21.5-76-main@04ffca0 (2025-05-09T15:38:33Z) for Minecraft 1.21.5
[14:57:20] [ServerMain/INFO]: [PluginInitializerManager] Initializing plugins...
[14:57:21] [ServerMain/INFO]: [PluginInitializerManager] Initialized 5 plugins
[14:57:21] [ServerMain/INFO]: [PluginInitializerManager] Bukkit plugins (5):
 - AuthMe (5.7.0-SNAPSHOT-b2643), GSit (2.3.2), SkinsRestorer (15.6.3), ViaBackwards (5.3.2), ViaVersion (5.3.2)
[14:57:29] [ServerMain/INFO]: Environment: Environment[sessionHost=https://sessionserver.mojang.com, servicesHost=https://api.minecraftservices.com, name=PROD]
[14:57:32] [ServerMain/INFO]: Loaded 1373 recipes
[14:57:32] [ServerMain/INFO]: Loaded 1484 advancements
[14:57:32] [Server thread/INFO]: Starting minecraft server version 1.21.5
[14:57:32] [Server thread/INFO]: Loading properties
[14:57:32] [Server thread/INFO]: This server is running Paper version 1.21.5-76-main@04ffca0 (2025-05-09T15:38:33Z) (Implementing API version 1.21.5-R0.1-SNAPSHOT)
[14:57:33] [Server thread/INFO]: [spark] This server bundles the spark profiler. For more information please visit https://docs.papermc.io/paper/profiling
[14:57:33] [Server thread/INFO]: Server Ping Player Sample Count: 12
[14:57:33] [Server thread/INFO]: Using 4 threads for Netty based IO
[14:57:35] [Server thread/INFO]: [MoonriseCommon] Paper is using 1 worker threads, 1 I/O threads
[14:57:35] [Server thread/INFO]: [ChunkTaskScheduler] Chunk system is using population gen parallelism: true
[14:57:35] [Server thread/INFO]: Default game type: SURVIVAL
[14:57:35] [Server thread/INFO]: Generating keypair
[14:57:35] [Server thread/INFO]: Starting Minecraft server on *:25565
[14:57:36] [Server thread/INFO]: Using epoll channel type
[14:57:36] [Server thread/INFO]: Paper: Using libdeflate (Linux x86_64) compression from Velocity.
[14:57:36] [Server thread/INFO]: Paper: Using OpenSSL 1.1.x (Linux x86_64) cipher from Velocity.
[14:57:37] [Server thread/INFO]: [SpigotLibraryLoader] [AuthMe] Loading 17 libraries... please wait
[14:57:37] [Server thread/INFO]: [SpigotLibraryLoader] [AuthMe] Loaded library /workspaces/Minecraft-Server/libraries/ch/jalu/injector/1.0/injector-1.0.jar
[14:57:37] [Server thread/INFO]: [SpigotLibraryLoader] [AuthMe] Loaded library /workspaces/Minecraft-Server/libraries/javax/inject/javax.inject/1/javax.inject-1.jar
[14:57:37] [Server thread/INFO]: [SpigotLibraryLoader] [AuthMe] Loaded library /workspaces/Minecraft-Server/libraries/javax/annotation/javax.annotation-api/1.3.1/javax.annotation-api-1.3.1.jar
[14:57:37] [Server thread/INFO]: [SpigotLibraryLoader] [AuthMe] Loaded library /workspaces/Minecraft-Server/libraries/net/ricecode/string-similarity/1.0.0/string-similarity-1.0.0.jar
[14:57:37] [Server thread/INFO]: [SpigotLibraryLoader] [AuthMe] Loaded library /workspaces/Minecraft-Server/libraries/com/maxmind/geoip2/geoip2/4.2.0/geoip2-4.2.0.jar
[14:57:37] [Server thread/INFO]: [SpigotLibraryLoader] [AuthMe] Loaded library /workspaces/Minecraft-Server/libraries/com/maxmind/db/maxmind-db/3.1.0/maxmind-db-3.1.0.jar
[14:57:37] [Server thread/INFO]: [SpigotLibraryLoader] [AuthMe] Loaded library /workspaces/Minecraft-Server/libraries/com/fasterxml/jackson/core/jackson-databind/2.16.0/jackson-databind-2.16.0.jar
[14:57:37] [Server thread/INFO]: [SpigotLibraryLoader] [AuthMe] Loaded library /workspaces/Minecraft-Server/libraries/com/fasterxml/jackson/core/jackson-core/2.16.0/jackson-core-2.16.0.jar
[14:57:37] [Server thread/INFO]: [SpigotLibraryLoader] [AuthMe] Loaded library /workspaces/Minecraft-Server/libraries/com/fasterxml/jackson/core/jackson-annotations/2.16.0/jackson-annotations-2.16.0.jar
[14:57:37] [Server thread/INFO]: [SpigotLibraryLoader] [AuthMe] Loaded library /workspaces/Minecraft-Server/libraries/javatar/javatar/2.5/javatar-2.5.jar
[14:57:37] [Server thread/INFO]: [SpigotLibraryLoader] [AuthMe] Loaded library /workspaces/Minecraft-Server/libraries/org/apache/commons/commons-email/1.6.0/commons-email-1.6.0.jar
[14:57:37] [Server thread/INFO]: [SpigotLibraryLoader] [AuthMe] Loaded library /workspaces/Minecraft-Server/libraries/com/sun/mail/jakarta.mail/1.6.7/jakarta.mail-1.6.7.jar
[14:57:37] [Server thread/INFO]: [SpigotLibraryLoader] [AuthMe] Loaded library /workspaces/Minecraft-Server/libraries/com/sun/activation/jakarta.activation/1.2.1/jakarta.activation-1.2.1.jar
[14:57:37] [Server thread/INFO]: [SpigotLibraryLoader] [AuthMe] Loaded library /workspaces/Minecraft-Server/libraries/com/zaxxer/HikariCP/5.1.0/HikariCP-5.1.0.jar
[14:57:37] [Server thread/INFO]: [SpigotLibraryLoader] [AuthMe] Loaded library /workspaces/Minecraft-Server/libraries/org/slf4j/slf4j-api/1.7.36/slf4j-api-1.7.36.jar
[14:57:37] [Server thread/INFO]: [SpigotLibraryLoader] [AuthMe] Loaded library /workspaces/Minecraft-Server/libraries/org/slf4j/slf4j-simple/2.0.13/slf4j-simple-2.0.13.jar
[14:57:37] [Server thread/INFO]: [SpigotLibraryLoader] [AuthMe] Loaded library /workspaces/Minecraft-Server/libraries/ch/jalu/datasourcecolumns/0.1.2/datasourcecolumns-0.1.2.jar
[14:57:37] [Server thread/INFO]: [SpigotLibraryLoader] [AuthMe] Loaded library /workspaces/Minecraft-Server/libraries/com/mysql/mysql-connector-j/8.4.0/mysql-connector-j-8.4.0.jar
[14:57:37] [Server thread/INFO]: [SpigotLibraryLoader] [AuthMe] Loaded library /workspaces/Minecraft-Server/libraries/com/google/protobuf/protobuf-java/3.25.1/protobuf-java-3.25.1.jar
[14:57:37] [Server thread/INFO]: [SpigotLibraryLoader] [AuthMe] Loaded library /workspaces/Minecraft-Server/libraries/org/mariadb/jdbc/mariadb-java-client/3.4.0/mariadb-java-client-3.4.0.jar
[14:57:37] [Server thread/INFO]: [SpigotLibraryLoader] [AuthMe] Loaded library /workspaces/Minecraft-Server/libraries/com/github/waffle/waffle-jna/3.3.0/waffle-jna-3.3.0.jar
[14:57:37] [Server thread/INFO]: [SpigotLibraryLoader] [AuthMe] Loaded library /workspaces/Minecraft-Server/libraries/net/java/dev/jna/jna-platform/5.13.0/jna-platform-5.13.0.jar
[14:57:37] [Server thread/INFO]: [SpigotLibraryLoader] [AuthMe] Loaded library /workspaces/Minecraft-Server/libraries/org/slf4j/jcl-over-slf4j/2.0.7/jcl-over-slf4j-2.0.7.jar
[14:57:37] [Server thread/INFO]: [SpigotLibraryLoader] [AuthMe] Loaded library /workspaces/Minecraft-Server/libraries/com/github/ben-manes/caffeine/caffeine/2.9.3/caffeine-2.9.3.jar
[14:57:37] [Server thread/INFO]: [SpigotLibraryLoader] [AuthMe] Loaded library /workspaces/Minecraft-Server/libraries/com/google/errorprone/error_prone_annotations/2.10.0/error_prone_annotations-2.10.0.jar
[14:57:37] [Server thread/INFO]: [SpigotLibraryLoader] [AuthMe] Loaded library /workspaces/Minecraft-Server/libraries/org/postgresql/postgresql/42.7.3/postgresql-42.7.3.jar
[14:57:37] [Server thread/INFO]: [SpigotLibraryLoader] [AuthMe] Loaded library /workspaces/Minecraft-Server/libraries/org/checkerframework/checker-qual/3.42.0/checker-qual-3.42.0.jar
[14:57:37] [Server thread/INFO]: [SpigotLibraryLoader] [AuthMe] Loaded library /workspaces/Minecraft-Server/libraries/de/rtner/PBKDF2/1.1.4/PBKDF2-1.1.4.jar
[14:57:37] [Server thread/INFO]: [SpigotLibraryLoader] [AuthMe] Loaded library /workspaces/Minecraft-Server/libraries/org/picketbox/picketbox/4.0.21.Final/picketbox-4.0.21.Final.jar
[14:57:37] [Server thread/INFO]: [SpigotLibraryLoader] [AuthMe] Loaded library /workspaces/Minecraft-Server/libraries/de/mkammerer/argon2-jvm-nolibs/2.11/argon2-jvm-nolibs-2.11.jar
[14:57:37] [Server thread/INFO]: [SpigotLibraryLoader] [AuthMe] Loaded library /workspaces/Minecraft-Server/libraries/net/java/dev/jna/jna/5.8.0/jna-5.8.0.jar
[14:57:37] [Server thread/INFO]: [SpigotLibraryLoader] [AuthMe] Loaded library /workspaces/Minecraft-Server/libraries/at/favre/lib/bcrypt/0.10.2/bcrypt-0.10.2.jar
[14:57:37] [Server thread/INFO]: [SpigotLibraryLoader] [AuthMe] Loaded library /workspaces/Minecraft-Server/libraries/at/favre/lib/bytes/1.5.0/bytes-1.5.0.jar
[14:57:37] [Server thread/INFO]: [SpigotLibraryLoader] [AuthMe] Loaded library /workspaces/Minecraft-Server/libraries/com/warrenstrange/googleauth/1.5.0/googleauth-1.5.0.jar
[14:57:37] [Server thread/INFO]: [SpigotLibraryLoader] [AuthMe] Loaded library /workspaces/Minecraft-Server/libraries/commons-codec/commons-codec/1.14/commons-codec-1.14.jar
[14:57:37] [Server thread/INFO]: [SpigotLibraryLoader] [AuthMe] Loaded library /workspaces/Minecraft-Server/libraries/org/apache/httpcomponents/httpclient/4.5.12/httpclient-4.5.12.jar
[14:57:37] [Server thread/INFO]: [SpigotLibraryLoader] [AuthMe] Loaded library /workspaces/Minecraft-Server/libraries/org/apache/httpcomponents/httpcore/4.4.13/httpcore-4.4.13.jar
[14:57:37] [Server thread/INFO]: [SpigotLibraryLoader] [AuthMe] Loaded library /workspaces/Minecraft-Server/libraries/commons-logging/commons-logging/1.2/commons-logging-1.2.jar
[14:57:37] [Server thread/INFO]: [SpigotLibraryLoader] [AuthMe] Loaded library /workspaces/Minecraft-Server/libraries/ch/jalu/configme/1.3.1/configme-1.3.1.jar
[14:57:37] [Server thread/INFO]: [SpigotLibraryLoader] [AuthMe] Loaded library /workspaces/Minecraft-Server/libraries/org/yaml/snakeyaml/2.0/snakeyaml-2.0.jar
[14:57:37] [Server thread/INFO]: [SpigotLibraryLoader] [AuthMe] Loaded library /workspaces/Minecraft-Server/libraries/org/bstats/bstats-bukkit/3.0.2/bstats-bukkit-3.0.2.jar
[14:57:37] [Server thread/INFO]: [SpigotLibraryLoader] [AuthMe] Loaded library /workspaces/Minecraft-Server/libraries/org/bstats/bstats-base/3.0.2/bstats-base-3.0.2.jar
[14:57:37] [Server thread/INFO]: [ViaVersion] Loading server plugin ViaVersion v5.3.2
[14:57:38] [Server thread/INFO]: [ViaVersion] ViaVersion 5.3.2 is now loaded. Registering protocol transformers and injecting...
[14:57:38] [Via-Mappingloader-0/INFO]: [ViaVersion] Loading block connection mappings ...
[14:57:39] [Via-Mappingloader-0/INFO]: [ViaVersion] Using FastUtil Long2ObjectOpenHashMap for block connections
[14:57:39] [Server thread/INFO]: [ViaBackwards] Loading translations...
[14:57:39] [Server thread/INFO]: [ViaBackwards] Registering protocols...
[14:57:41] [Server thread/INFO]: [ViaBackwards] Loading server plugin ViaBackwards v5.3.2
[14:57:41] [Server thread/INFO]: [GSit] Loading server plugin GSit v2.3.2
[14:57:41] [Server thread/INFO]: [AuthMe] Loading server plugin AuthMe v5.7.0-SNAPSHOT-b2643
[14:57:41] [Server thread/INFO]: [SkinsRestorer] Loading server plugin SkinsRestorer v15.6.3
[14:57:41] [Server thread/INFO]: Server permissions file permissions.yml is empty, ignoring it
[14:57:41] [Server thread/INFO]: [SkinsRestorer] Enabling SkinsRestorer v15.6.3
[14:57:42] [Server thread/INFO]: [SkinsRestorer] Running on Minecraft 1.21.5.
[14:57:43] [Server thread/INFO]: [SkinsRestorer] Using paper join listener!
[14:57:43] [Server thread/WARN]: **** SERVER IS RUNNING IN OFFLINE/INSECURE MODE!
[14:57:43] [Server thread/WARN]: The server will make no attempt to authenticate usernames. Beware.
[14:57:43] [Server thread/WARN]: While this makes the game possible to play without internet access, it also opens up the ability for hackers to connect with any username they choose.
[14:57:43] [Server thread/WARN]: To change this, set "online-mode" to "true" in the server.properties file.
[14:57:43] [Server thread/INFO]: Preparing level "world"
[14:57:43] [Folia Async Scheduler Thread #1/INFO]: [SkinsRestorer] ----------------------------------------------
[14:57:43] [Folia Async Scheduler Thread #1/INFO]: [SkinsRestorer]     +==================+
[14:57:43] [Folia Async Scheduler Thread #1/INFO]: [SkinsRestorer]     |   SkinsRestorer  |
[14:57:43] [Folia Async Scheduler Thread #1/INFO]: [SkinsRestorer]     |------------------|
[14:57:43] [Folia Async Scheduler Thread #1/INFO]: [SkinsRestorer]     |  Standalone Mode |
[14:57:43] [Folia Async Scheduler Thread #1/INFO]: [SkinsRestorer]     +==================+
[14:57:43] [Folia Async Scheduler Thread #1/INFO]: [SkinsRestorer] ----------------------------------------------
[14:57:43] [Folia Async Scheduler Thread #1/INFO]: [SkinsRestorer]     Version: 15.6.3
[14:57:43] [Folia Async Scheduler Thread #1/INFO]: [SkinsRestorer]     Commit: 7eb6dc6
[14:57:43] [Folia Async Scheduler Thread #1/INFO]: [SkinsRestorer]     This is the latest version!
[14:57:43] [Folia Async Scheduler Thread #1/INFO]: [SkinsRestorer] ----------------------------------------------
[14:57:43] [Folia Async Scheduler Thread #1/INFO]: [SkinsRestorer] Do you have issues? Read our troubleshooting guide: https://skinsrestorer.net/docs/troubleshooting
[14:57:43] [Folia Async Scheduler Thread #1/INFO]: [SkinsRestorer] Want to support SkinsRestorer? Consider donating: https://skinsrestorer.net/donate
[14:57:44] [Server thread/INFO]: Preparing start region for dimension minecraft:overworld
[14:57:45] [Server thread/INFO]: Preparing spawn area: 0%
[14:57:45] [Server thread/INFO]: Preparing spawn area: 0%
[14:57:46] [Server thread/INFO]: Preparing spawn area: 0%
[14:57:46] [Server thread/INFO]: Preparing spawn area: 0%
[14:57:46] [Server thread/INFO]: Preparing spawn area: 0%
[14:57:46] [Server thread/INFO]: Time elapsed: 2125 ms
[14:57:46] [Server thread/INFO]: Preparing start region for dimension minecraft:the_nether
[14:57:46] [Server thread/INFO]: Preparing spawn area: 0%
[14:57:47] [Server thread/INFO]: Preparing spawn area: 95%
[14:57:47] [Server thread/INFO]: Time elapsed: 503 ms
[14:57:47] [Server thread/INFO]: Preparing start region for dimension minecraft:the_end
[14:57:47] [Server thread/INFO]: Preparing spawn area: 0%
[14:57:47] [Server thread/INFO]: Time elapsed: 258 ms
[14:57:47] [Server thread/INFO]: [ViaVersion] Enabling ViaVersion v5.3.2
[14:57:47] [Server thread/INFO]: [ViaVersion] ViaVersion detected server version: 1.21.5 (770)
[14:57:47] [Server thread/INFO]: [ViaBackwards] Enabling ViaBackwards v5.3.2
[14:57:47] [Server thread/INFO]: [GSit] Enabling GSit v2.3.2
[14:57:48] [Server thread/INFO]: [GSit] The plugin was successfully enabled.
[14:57:48] [Server thread/INFO]: [AuthMe] Enabling AuthMe v5.7.0-SNAPSHOT-b2643
[14:57:48] [Server thread/INFO]: [AuthMe] SQLite Setup finished
[14:57:48] [Server thread/INFO]: [AuthMe] No supported permissions system found! Permissions are disabled!
[14:57:48] [Server thread/WARN]: [AuthMe] WARNING! The protectInventory feature requires ProtocolLib! Disabling it...
[14:57:49] [Server thread/INFO]: [AuthMe] AuthMe 5.7.0-SNAPSHOT build n.2643 successfully enabled!
[14:57:49] [Server thread/INFO]: [spark] Starting background profiler...
[14:57:50] [Server thread/INFO]: Done preparing level "world" (6.449s)
[14:57:50] [Server thread/INFO]: Running delayed init tasks
[14:57:50] [Server thread/INFO]: Done (31.340s)! For help, type "help"
[14:57:50] [Craft Scheduler Thread - 2 - ViaVersion/INFO]: [ViaVersion] Finished mapping loading, shutting down loader executor.
[14:57:50] [Craft Scheduler Thread - 4 - AuthMe/INFO]: [AuthMe] Downloading GEO IP database, because the old database is older than 30 days or doesn't exist
[14:57:50] [Craft Scheduler Thread - 4 - AuthMe/WARN]: [AuthMe] No MaxMind credentials found in the configuration file! GeoIp protections will be disabled.
[14:57:50] [Craft Scheduler Thread - 4 - AuthMe/INFO]: [AuthMe] There is no newer GEO IP database uploaded to MaxMind. Using the old one for now.
[14:57:50] [Craft Scheduler Thread - 4 - AuthMe/WARN]: [AuthMe] Could not download GeoLiteAPI database [FileNotFoundException]: plugins/AuthMe/GeoLite2-Country.mmdb (No such file or directory)
